<?xml version="1.0" encoding="UTF-8"?>
<!-- Generated by org.testng.reporters.JUnitXMLReporter -->
<testsuite ignored="0" hostname="Vijayakumar" failures="0" tests="3" name="Default test" time="6.198" errors="0" timestamp="2024-09-11T21:13:30 GMT+01:00">
  <testcase classname="gitRemovePack.GitRemoveClass1" name="test1" time="3.786"/>
  <testcase classname="gitRemovePack.GitRemoveClass1" name="test2" time="2.364"/>
  <testcase classname="gitRemovePack.GitRemoveClass1" name="test3" time="0.002"/>
</testsuite> <!-- Default test -->
