<?xml version="1.0" encoding="UTF-8"?>
<testng-results ignored="0" total="3" passed="3" failed="0" skipped="0">
  <reporter-output>
  </reporter-output>
  <suite started-at="2024-09-11T21:13:24 GMT+01:00" name="Default suite" finished-at="2024-09-11T21:13:30 GMT+01:00" duration-ms="6198">
    <groups>
    </groups>
    <test started-at="2024-09-11T21:13:24 GMT+01:00" name="Default test" finished-at="2024-09-11T21:13:30 GMT+01:00" duration-ms="6198">
      <class name="gitRemovePack.GitRemoveClass1">
        <test-method signature="test1()[pri:0, instance:gitRemovePack.GitRemoveClass1@1ed4ae0f]" started-at="2024-09-11T21:13:24 GMT+01:00" name="test1" finished-at="2024-09-11T21:13:28 GMT+01:00" duration-ms="3786" status="PASS">
          <reporter-output>
          </reporter-output>
        </test-method> <!-- test1 -->
        <test-method signature="test2()[pri:0, instance:gitRemovePack.GitRemoveClass1@1ed4ae0f]" started-at="2024-09-11T21:13:28 GMT+01:00" name="test2" finished-at="2024-09-11T21:13:30 GMT+01:00" duration-ms="2364" status="PASS">
          <reporter-output>
          </reporter-output>
        </test-method> <!-- test2 -->
        <test-method signature="test3()[pri:0, instance:gitRemovePack.GitRemoveClass1@1ed4ae0f]" started-at="2024-09-11T21:13:30 GMT+01:00" name="test3" finished-at="2024-09-11T21:13:30 GMT+01:00" duration-ms="2" status="PASS">
          <reporter-output>
          </reporter-output>
        </test-method> <!-- test3 -->
      </class> <!-- gitRemovePack.GitRemoveClass1 -->
    </test> <!-- Default test -->
  </suite> <!-- Default suite -->
</testng-results>
